<?xml version="1.0" encoding="UTF-8"?>
<TestRun id="ddb8528b-9637-4958-b614-6496f33922ae" name="Jamie@JAMIE-VAIO 2012-09-01 13:57:37" runUser="JAMIE-VAIO\Jamie" xmlns="http://microsoft.com/schemas/VisualStudio/TeamTest/2010">
  <TestSettings name="Local" id="67bacfd6-e3f0-4c66-ad16-3c0a8f16e5e2">
    <Description>These are default test settings for a local test run.</Description>
    <Deployment enabled="false" runDeploymentRoot="Jamie_JAMIE-VAIO 2012-09-01 13_57_37" />
    <Execution>
      <TestTypeSpecific />
      <AgentRule name="Execution Agents">
      </AgentRule>
    </Execution>
  </TestSettings>
  <Times creation="2012-09-01T13:57:37.1396952+01:00" queuing="2012-09-01T13:57:37.3997101+01:00" start="2012-09-01T13:57:37.5557190+01:00" finish="2012-09-01T13:57:38.6217800+01:00" />
  <ResultSummary outcome="Completed">
    <Counters total="1" executed="1" passed="1" error="0" failed="0" timeout="0" aborted="0" inconclusive="0" passedButRunAborted="0" notRunnable="0" notExecuted="0" disconnected="0" warning="0" completed="0" inProgress="0" pending="0" />
  </ResultSummary>
  <TestDefinitions>
    <UnitTest name="Passed_Method_Is_Called_When_Exception_On_ExecuteService" storage="c:\repositories\servicemanager\src\servicemanager.tests\bin\debug\servicemanager.tests.dll" id="09ce81c5-9692-fab3-1a0a-be4c85950267">
      <Execution timeOut="1800000" id="597b9ba7-9357-4316-824b-312f5a21bbd4" />
      <TestMethod codeBase="C:/Repositories/ServiceManager/src/ServiceManager.Tests/bin/Debug/ServiceManager.Tests.DLL" adapterTypeName="Microsoft.VisualStudio.TestTools.TestTypes.Unit.UnitTestAdapter, Microsoft.VisualStudio.QualityTools.Tips.UnitTest.Adapter, Version=10.0.0.0, Culture=neutral, PublicKeyToken=b03f5f7f11d50a3a" className="ServiceManager.Tests.Given_ServiceManager_Instance+When_IfServiceFailsThen_Invoked, ServiceManager.Tests, Version=1.0.0.0, Culture=neutral, PublicKeyToken=null" name="Passed_Method_Is_Called_When_Exception_On_ExecuteService" />
    </UnitTest>
  </TestDefinitions>
  <TestLists>
    <TestList name="Results Not in a List" id="8c84fa94-04c1-424b-9868-57a2d4851a1d" />
    <TestList name="All Loaded Results" id="19431567-8539-422a-85d7-44ee4e166bda" />
  </TestLists>
  <TestEntries>
    <TestEntry testId="09ce81c5-9692-fab3-1a0a-be4c85950267" executionId="597b9ba7-9357-4316-824b-312f5a21bbd4" testListId="8c84fa94-04c1-424b-9868-57a2d4851a1d" />
  </TestEntries>
  <Results>
    <UnitTestResult executionId="597b9ba7-9357-4316-824b-312f5a21bbd4" testId="09ce81c5-9692-fab3-1a0a-be4c85950267" testName="Passed_Method_Is_Called_When_Exception_On_ExecuteService" computerName="JAMIE-VAIO" duration="00:00:00.9200159" startTime="2012-09-01T13:57:37.5947212+01:00" endTime="2012-09-01T13:57:38.5667768+01:00" testType="13cdc9d9-ddb5-4fa4-a97d-d965ccfc6d4b" outcome="Passed" testListId="8c84fa94-04c1-424b-9868-57a2d4851a1d" relativeResultsDirectory="597b9ba7-9357-4316-824b-312f5a21bbd4">
    </UnitTestResult>
  </Results>
</TestRun>