<?xml version="1.0" encoding="UTF-8"?>
<TestRun id="00c27332-1d3f-498e-9ad8-a4d5b351bb13" name="Jamie@JAMIE-VAIO 2012-09-02 14:52:37" runUser="JAMIE-VAIO\Jamie" xmlns="http://microsoft.com/schemas/VisualStudio/TeamTest/2010">
  <TestSettings name="Local" id="67bacfd6-e3f0-4c66-ad16-3c0a8f16e5e2">
    <Description>These are default test settings for a local test run.</Description>
    <Deployment enabled="false" runDeploymentRoot="Jamie_JAMIE-VAIO 2012-09-02 14_52_37" />
    <Execution>
      <TestTypeSpecific />
      <AgentRule name="Execution Agents">
      </AgentRule>
    </Execution>
  </TestSettings>
  <Times creation="2012-09-02T14:52:37.1847412+01:00" queuing="2012-09-02T14:52:37.4537566+01:00" start="2012-09-02T14:52:37.6267665+01:00" finish="2012-09-02T14:52:38.1057939+01:00" />
  <ResultSummary outcome="Completed">
    <Counters total="1" executed="1" passed="1" error="0" failed="0" timeout="0" aborted="0" inconclusive="0" passedButRunAborted="0" notRunnable="0" notExecuted="0" disconnected="0" warning="0" completed="0" inProgress="0" pending="0" />
  </ResultSummary>
  <TestDefinitions>
    <UnitTest name="New_Instance_Of_ServiceManager_Returned" storage="c:\repositories\servicemanager\src\servicemanager.tests\bin\debug\servicemanager.tests.dll" id="625c8709-1413-8bba-dc60-cba754986d1b">
      <Execution timeOut="1800000" id="a78d2d73-0237-414f-bdee-07facd93dd1f" />
      <TestMethod codeBase="C:/Repositories/ServiceManager/src/ServiceManager.Tests/bin/Debug/ServiceManager.Tests.DLL" adapterTypeName="Microsoft.VisualStudio.TestTools.TestTypes.Unit.UnitTestAdapter, Microsoft.VisualStudio.QualityTools.Tips.UnitTest.Adapter, Version=10.0.0.0, Culture=neutral, PublicKeyToken=b03f5f7f11d50a3a" className="ServiceManager.Tests.Given_ServiceManager_Instance+When_ExecuteService_Invoked, ServiceManager.Tests, Version=1.0.0.0, Culture=neutral, PublicKeyToken=null" name="New_Instance_Of_ServiceManager_Returned" />
    </UnitTest>
  </TestDefinitions>
  <TestLists>
    <TestList name="Results Not in a List" id="8c84fa94-04c1-424b-9868-57a2d4851a1d" />
    <TestList name="All Loaded Results" id="19431567-8539-422a-85d7-44ee4e166bda" />
  </TestLists>
  <TestEntries>
    <TestEntry testId="625c8709-1413-8bba-dc60-cba754986d1b" executionId="a78d2d73-0237-414f-bdee-07facd93dd1f" testListId="8c84fa94-04c1-424b-9868-57a2d4851a1d" />
  </TestEntries>
  <Results>
    <UnitTestResult executionId="a78d2d73-0237-414f-bdee-07facd93dd1f" testId="625c8709-1413-8bba-dc60-cba754986d1b" testName="New_Instance_Of_ServiceManager_Returned" computerName="JAMIE-VAIO" duration="00:00:00.3299398" startTime="2012-09-02T14:52:37.6667688+01:00" endTime="2012-09-02T14:52:38.0517908+01:00" testType="13cdc9d9-ddb5-4fa4-a97d-d965ccfc6d4b" outcome="Passed" testListId="8c84fa94-04c1-424b-9868-57a2d4851a1d" relativeResultsDirectory="a78d2d73-0237-414f-bdee-07facd93dd1f">
    </UnitTestResult>
  </Results>
</TestRun>