<?xml version="1.0" encoding="UTF-8"?>
<TestRun id="b113848e-4f51-47d6-9afc-e18c1225862a" name="Jamie@JAMIE-VAIO 2012-09-01 09:21:31" runUser="JAMIE-VAIO\Jamie" xmlns="http://microsoft.com/schemas/VisualStudio/TeamTest/2010">
  <TestSettings name="Local" id="67bacfd6-e3f0-4c66-ad16-3c0a8f16e5e2">
    <Description>These are default test settings for a local test run.</Description>
    <Deployment enabled="false" runDeploymentRoot="Jamie_JAMIE-VAIO 2012-09-01 09_21_31" />
    <Execution>
      <TestTypeSpecific />
      <AgentRule name="Execution Agents">
      </AgentRule>
    </Execution>
  </TestSettings>
  <Times creation="2012-09-01T09:21:31.8642156+01:00" queuing="2012-09-01T09:21:32.2322367+01:00" start="2012-09-01T09:21:32.4692502+01:00" finish="2012-09-01T09:21:34.1823482+01:00" />
  <ResultSummary outcome="Completed">
    <Counters total="3" executed="3" passed="3" error="0" failed="0" timeout="0" aborted="0" inconclusive="0" passedButRunAborted="0" notRunnable="0" notExecuted="0" disconnected="0" warning="0" completed="0" inProgress="0" pending="0" />
  </ResultSummary>
  <TestDefinitions>
    <UnitTest name="Passed_Method_Is_Called_When_Exception_On_ExecuteService" storage="c:\repositories\servicemanager\src\servicemanager.tests\bin\debug\servicemanager.tests.dll" id="09ce81c5-9692-fab3-1a0a-be4c85950267">
      <Execution timeOut="1800000" id="5560446f-27f3-451b-bc97-5b55e14b7edb" />
      <TestMethod codeBase="C:/Repositories/ServiceManager/src/ServiceManager.Tests/bin/Debug/ServiceManager.Tests.DLL" adapterTypeName="Microsoft.VisualStudio.TestTools.TestTypes.Unit.UnitTestAdapter, Microsoft.VisualStudio.QualityTools.Tips.UnitTest.Adapter, Version=10.0.0.0, Culture=neutral, PublicKeyToken=b03f5f7f11d50a3a" className="ServiceManager.Tests.Given_ServiceManager_Instance+When_IfServiceFailsThen_Invoked, ServiceManager.Tests, Version=1.0.0.0, Culture=neutral, PublicKeyToken=null" name="Passed_Method_Is_Called_When_Exception_On_ExecuteService" />
    </UnitTest>
    <UnitTest name="Passed_Method_Is_Called" storage="c:\repositories\servicemanager\src\servicemanager.tests\bin\debug\servicemanager.tests.dll" id="59133280-683e-05cb-7e45-f91bd33c82ae">
      <Execution timeOut="1800000" id="3c55fb11-38db-425a-967d-5e58029cda90" />
      <TestMethod codeBase="C:/Repositories/ServiceManager/src/ServiceManager.Tests/bin/Debug/ServiceManager.Tests.DLL" adapterTypeName="Microsoft.VisualStudio.TestTools.TestTypes.Unit.UnitTestAdapter, Microsoft.VisualStudio.QualityTools.Tips.UnitTest.Adapter, Version=10.0.0.0, Culture=neutral, PublicKeyToken=b03f5f7f11d50a3a" className="ServiceManager.Tests.Given_ServiceManager_Instance+When_ExecuteService_Invoked, ServiceManager.Tests, Version=1.0.0.0, Culture=neutral, PublicKeyToken=null" name="Passed_Method_Is_Called" />
    </UnitTest>
    <UnitTest name="Result_Contains_Last_IfServiceFailsThen_Method_Result" storage="c:\repositories\servicemanager\src\servicemanager.tests\bin\debug\servicemanager.tests.dll" id="4f7da121-c674-4f34-57ce-a3ab684edb9d">
      <Execution timeOut="1800000" id="d18cd8da-a3a3-47a0-80cd-223198789032" />
      <TestMethod codeBase="C:/Repositories/ServiceManager/src/ServiceManager.Tests/bin/Debug/ServiceManager.Tests.DLL" adapterTypeName="Microsoft.VisualStudio.TestTools.TestTypes.Unit.UnitTestAdapter, Microsoft.VisualStudio.QualityTools.Tips.UnitTest.Adapter, Version=10.0.0.0, Culture=neutral, PublicKeyToken=b03f5f7f11d50a3a" className="ServiceManager.Tests.Given_ServiceManager_Instance+When_Result_Invoked, ServiceManager.Tests, Version=1.0.0.0, Culture=neutral, PublicKeyToken=null" name="Result_Contains_Last_IfServiceFailsThen_Method_Result" />
    </UnitTest>
  </TestDefinitions>
  <TestLists>
    <TestList name="Results Not in a List" id="8c84fa94-04c1-424b-9868-57a2d4851a1d" />
    <TestList name="All Loaded Results" id="19431567-8539-422a-85d7-44ee4e166bda" />
  </TestLists>
  <TestEntries>
    <TestEntry testId="59133280-683e-05cb-7e45-f91bd33c82ae" executionId="3c55fb11-38db-425a-967d-5e58029cda90" testListId="8c84fa94-04c1-424b-9868-57a2d4851a1d" />
    <TestEntry testId="09ce81c5-9692-fab3-1a0a-be4c85950267" executionId="5560446f-27f3-451b-bc97-5b55e14b7edb" testListId="8c84fa94-04c1-424b-9868-57a2d4851a1d" />
    <TestEntry testId="4f7da121-c674-4f34-57ce-a3ab684edb9d" executionId="d18cd8da-a3a3-47a0-80cd-223198789032" testListId="8c84fa94-04c1-424b-9868-57a2d4851a1d" />
  </TestEntries>
  <Results>
    <UnitTestResult executionId="3c55fb11-38db-425a-967d-5e58029cda90" testId="59133280-683e-05cb-7e45-f91bd33c82ae" testName="Passed_Method_Is_Called" computerName="JAMIE-VAIO" duration="00:00:00.4481996" startTime="2012-09-01T09:21:32.5412543+01:00" endTime="2012-09-01T09:21:33.0462832+01:00" testType="13cdc9d9-ddb5-4fa4-a97d-d965ccfc6d4b" outcome="Passed" testListId="8c84fa94-04c1-424b-9868-57a2d4851a1d" relativeResultsDirectory="3c55fb11-38db-425a-967d-5e58029cda90">
    </UnitTestResult>
    <UnitTestResult executionId="5560446f-27f3-451b-bc97-5b55e14b7edb" testId="09ce81c5-9692-fab3-1a0a-be4c85950267" testName="Passed_Method_Is_Called_When_Exception_On_ExecuteService" computerName="JAMIE-VAIO" duration="00:00:00.5748947" startTime="2012-09-01T09:21:33.0502835+01:00" endTime="2012-09-01T09:21:33.6253163+01:00" testType="13cdc9d9-ddb5-4fa4-a97d-d965ccfc6d4b" outcome="Passed" testListId="8c84fa94-04c1-424b-9868-57a2d4851a1d" relativeResultsDirectory="5560446f-27f3-451b-bc97-5b55e14b7edb">
    </UnitTestResult>
    <UnitTestResult executionId="d18cd8da-a3a3-47a0-80cd-223198789032" testId="4f7da121-c674-4f34-57ce-a3ab684edb9d" testName="Result_Contains_Last_IfServiceFailsThen_Method_Result" computerName="JAMIE-VAIO" duration="00:00:00.5003890" startTime="2012-09-01T09:21:33.6283165+01:00" endTime="2012-09-01T09:21:34.1293452+01:00" testType="13cdc9d9-ddb5-4fa4-a97d-d965ccfc6d4b" outcome="Passed" testListId="8c84fa94-04c1-424b-9868-57a2d4851a1d" relativeResultsDirectory="d18cd8da-a3a3-47a0-80cd-223198789032">
    </UnitTestResult>
  </Results>
</TestRun>